Vivado Simulator 2018.3
Copyright 1986-1999, 2001-2018 Xilinx, Inc. All Rights Reserved.
Running: /home/jacoboffersen/Program/vivado/Vivado/2018.3/bin/unwrapped/lnx64.o/xelab -wto 75f54c3415e94b85a255c5488c019a01 --incr --debug typical --relax --mt 8 -L xil_defaultlib -L xilinx_vip -L unisims_ver -L secureip --snapshot encrypt_tb_func_synth xil_defaultlib.encrypt_tb xil_defaultlib.glbl -log elaborate.log 
Using 8 slave threads.
Starting static elaboration
Completed static elaboration
Starting simulation data flow analysis
Completed simulation data flow analysis
Time Resolution for simulation is 1ps
Compiling package std.standard
Compiling package std.textio
Compiling package ieee.std_logic_1164
Compiling package ieee.numeric_std
Compiling package unisim.vcomponents
Compiling package ieee.vital_timing
Compiling package ieee.vital_primitives
Compiling package unisim.vpkg
Compiling package ieee.std_logic_arith
Compiling package ieee.std_logic_signed
Compiling module xil_defaultlib.glbl
Compiling architecture ibuf_v of entity unisim.IBUF [\IBUF(1,9)(1,1)(1,4)(1,7)\]
Compiling architecture obuf_v of entity unisim.OBUF [\OBUF(1,9)(1,7)(1,4)\]
Compiling architecture ldce_v of entity unisim.LDCE [ldce_default]
Compiling architecture bufg_v of entity unisim.BUFG [bufg_default]
Compiling architecture mmcme2_adv_v of entity unisim.MMCME2_ADV [\MMCME2_ADV(clkfbout_mult_f=20.1...]
Compiling architecture structure of entity xil_defaultlib.clock_generator_clk_wiz_0_0_clock_generator_clk_wiz_0_0_clk_wiz [clock_generator_clk_wiz_0_0_cloc...]
Compiling architecture structure of entity xil_defaultlib.clock_generator_clk_wiz_0_0 [clock_generator_clk_wiz_0_0_defa...]
Compiling architecture bibuf_v of entity unisim.BIBUF [bibuf_default]
Compiling architecture lut1_v of entity unisim.LUT1 [\LUT1(init="0001")(0,3)\]
Compiling architecture gnd_v of entity unisim.GND [gnd_default]
Compiling architecture ps7_v of entity unisim.PS7 [\PS7:encrypt_tb:encrypt0:clock_g...]
Compiling architecture vcc_v of entity unisim.VCC [vcc_default]
Compiling architecture lut1_v of entity unisim.LUT1 [\LUT1(init="0010")(0,3)\]
Compiling architecture structure of entity xil_defaultlib.clock_generator_processing_system7_0_0_processing_system7_v5_5_processing_system7 [\clock_generator_processing_syst...]
Compiling architecture structure of entity xil_defaultlib.clock_generator_processing_system7_0_0 [\clock_generator_processing_syst...]
Compiling architecture structure of entity xil_defaultlib.clock_generator [\clock_generator:encrypt_tb:encr...]
Compiling architecture structure of entity xil_defaultlib.clock_generator_wrapper [\clock_generator_wrapper:encrypt...]
Compiling architecture lut5_v of entity unisim.LUT5 [\LUT5(init="00000000000000010101...]
Compiling architecture lut5_v of entity unisim.LUT5 [\LUT5(init="00000000000000100110...]
Compiling architecture lut4_v of entity unisim.LUT4 [\LUT4(init="0000000001111000")(0...]
Compiling architecture lut5_v of entity unisim.LUT5 [\LUT5(init="00000000000000000111...]
Compiling architecture lut5_v of entity unisim.LUT5 [\LUT5(init="00000000000000111000...]
Compiling architecture lut5_v of entity unisim.LUT5 [\LUT5(init="00000000000000000000...]
Compiling architecture lut5_v of entity unisim.LUT5 [\LUT5(init="00000001111111110000...]
Compiling architecture lut6_v of entity unisim.LUT6 [\LUT6(init="11111111000000001111...]
Compiling architecture lut5_v of entity unisim.LUT5 [\LUT5(init="10111000101110111011...]
Compiling architecture lut6_v of entity unisim.LUT6 [\LUT6(init="01010100010001000101...]
Compiling architecture lut2_v of entity unisim.LUT2 [\LUT2(init="0110")(0,3)\]
Compiling architecture lut6_v of entity unisim.LUT6 [\LUT6(init="01000101010000000111...]
Compiling architecture lut6_v of entity unisim.LUT6 [\LUT6(init="00101101011000110100...]
Compiling architecture lut4_v of entity unisim.LUT4 [\LUT4(init="0100011110111000")(0...]
Compiling architecture muxf7_v of entity unisim.MUXF7 [muxf7_default]
Compiling architecture lut5_v of entity unisim.LUT5 [\LUT5(init="10101111101011001010...]
Compiling architecture lut6_v of entity unisim.LUT6 [\LUT6(init="01000111101110001111...]
Compiling architecture lut6_v of entity unisim.LUT6 [\LUT6(init="01100011010110101110...]
Compiling architecture lut6_v of entity unisim.LUT6 [\LUT6(init="11100110000110010101...]
Compiling architecture lut6_v of entity unisim.LUT6 [\LUT6(init="10100101100100111001...]
Compiling architecture lut6_v of entity unisim.LUT6 [\LUT6(init="01011110100100101010...]
Compiling architecture lut6_v of entity unisim.LUT6 [\LUT6(init="10010100010010111001...]
Compiling architecture lut6_v of entity unisim.LUT6 [\LUT6(init="11000011101001101010...]
Compiling architecture lut6_v of entity unisim.LUT6 [\LUT6(init="11100001100001110001...]
Compiling architecture lut6_v of entity unisim.LUT6 [\LUT6(init="10011100001001111101...]
Compiling architecture lut6_v of entity unisim.LUT6 [\LUT6(init="10100101011001100100...]
Compiling architecture lut6_v of entity unisim.LUT6 [\LUT6(init="10011011111000010110...]
Compiling architecture lut6_v of entity unisim.LUT6 [\LUT6(init="01000110101110011011...]
Compiling architecture lut6_v of entity unisim.LUT6 [\LUT6(init="11011001001010100010...]
Compiling architecture lut6_v of entity unisim.LUT6 [\LUT6(init="01101001110010011100...]
Compiling architecture lut6_v of entity unisim.LUT6 [\LUT6(init="01110010101010010110...]
Compiling architecture lut6_v of entity unisim.LUT6 [\LUT6(init="10000111011110000011...]
Compiling architecture lut6_v of entity unisim.LUT6 [\LUT6(init="10010110010010111001...]
Compiling architecture lut6_v of entity unisim.LUT6 [\LUT6(init="11100001010011100110...]
Compiling architecture lut6_v of entity unisim.LUT6 [\LUT6(init="01011010010010111001...]
Compiling architecture lut6_v of entity unisim.LUT6 [\LUT6(init="00101110111000011101...]
Compiling architecture lut6_v of entity unisim.LUT6 [\LUT6(init="10110110010010010110...]
Compiling architecture lut6_v of entity unisim.LUT6 [\LUT6(init="01100011101011001000...]
Compiling architecture lut6_v of entity unisim.LUT6 [\LUT6(init="11110010100001010100...]
Compiling architecture lut6_v of entity unisim.LUT6 [\LUT6(init="11000110011000110110...]
Compiling architecture lut6_v of entity unisim.LUT6 [\LUT6(init="10110001010110100111...]
Compiling architecture lut6_v of entity unisim.LUT6 [\LUT6(init="11010010110001101010...]
Compiling architecture lut6_v of entity unisim.LUT6 [\LUT6(init="11000110011100100011...]
Compiling architecture lut6_v of entity unisim.LUT6 [\LUT6(init="01101110000110011001...]
Compiling architecture lut6_v of entity unisim.LUT6 [\LUT6(init="01100011100101100001...]
Compiling architecture lut6_v of entity unisim.LUT6 [\LUT6(init="01100111001110010001...]
Compiling architecture lut6_v of entity unisim.LUT6 [\LUT6(init="10100111000110010101...]
Compiling architecture lut6_v of entity unisim.LUT6 [\LUT6(init="10111001100001010100...]
Compiling architecture lut6_v of entity unisim.LUT6 [\LUT6(init="11111111111111111111...]
Compiling architecture structure of entity xil_defaultlib.encryption [\encryption:encrypt_tb:encrypt0:...]
Compiling architecture behavioral of entity xil_defaultlib.encrypt_tb
Built simulation snapshot encrypt_tb_func_synth
